<?xml version="1.0" encoding="UTF-8"?>
<testng-results ignored="0" total="50" passed="50" failed="0" skipped="0">
  <reporter-output>
  </reporter-output>
  <suite started-at="2024-02-17T08:03:56 EST" name="Default suite" finished-at="2024-02-17T08:04:27 EST" duration-ms="31631">
    <groups>
      <group name="cucumber">
        <method signature="AbstractTestNGCucumberTests.runScenario(io.cucumber.testng.PickleWrapper,io.cucumber.testng.FeatureWrapper)[pri:0, instance:cucumber.TestRunner@38425407]" name="runScenario" class="io.cucumber.testng.AbstractTestNGCucumberTests"/>
      </group> <!-- cucumber -->
    </groups>
    <test started-at="2024-02-17T08:03:56 EST" name="Default test" finished-at="2024-02-17T08:04:27 EST" duration-ms="31631">
      <class name="cucumber.TestRunner">
        <test-method is-config="true" signature="setUpClass(org.testng.ITestContext)[pri:0, instance:cucumber.TestRunner@38425407]" started-at="2024-02-17T08:03:56 EST" name="setUpClass" finished-at="2024-02-17T08:03:56 EST" duration-ms="539" status="PASS">
          <params>
            <param index="0">
              <value>
                <![CDATA[org.testng.TestRunner@44233014]]>
              </value>
            </param>
          </params>
          <reporter-output>
          </reporter-output>
        </test-method> <!-- setUpClass -->
        <test-method signature="runScenario(io.cucumber.testng.PickleWrapper,io.cucumber.testng.FeatureWrapper)[pri:0, instance:cucumber.TestRunner@38425407]" started-at="2024-02-17T08:03:56 EST" name="runScenario" description="Runs Cucumber Scenarios" data-provider="scenarios" finished-at="2024-02-17T08:03:59 EST" duration-ms="2608" status="PASS">
          <params>
            <param index="0">
              <value>
                <![CDATA["POST Negative Validation"]]>
              </value>
            </param>
            <param index="1">
              <value>
                <![CDATA["Post Negative Feature"]]>
              </value>
            </param>
          </params>
          <reporter-output>
          </reporter-output>
        </test-method> <!-- runScenario -->
        <test-method signature="runScenario(io.cucumber.testng.PickleWrapper,io.cucumber.testng.FeatureWrapper)[pri:0, instance:cucumber.TestRunner@38425407]" started-at="2024-02-17T08:03:59 EST" name="runScenario" description="Runs Cucumber Scenarios" data-provider="scenarios" finished-at="2024-02-17T08:03:59 EST" duration-ms="303" status="PASS">
          <params>
            <param index="0">
              <value>
                <![CDATA["POST Negative Validation"]]>
              </value>
            </param>
            <param index="1">
              <value>
                <![CDATA["Post Negative Feature"]]>
              </value>
            </param>
          </params>
          <reporter-output>
          </reporter-output>
        </test-method> <!-- runScenario -->
        <test-method signature="runScenario(io.cucumber.testng.PickleWrapper,io.cucumber.testng.FeatureWrapper)[pri:0, instance:cucumber.TestRunner@38425407]" started-at="2024-02-17T08:03:59 EST" name="runScenario" description="Runs Cucumber Scenarios" data-provider="scenarios" finished-at="2024-02-17T08:03:59 EST" duration-ms="278" status="PASS">
          <params>
            <param index="0">
              <value>
                <![CDATA["POST Negative Validation"]]>
              </value>
            </param>
            <param index="1">
              <value>
                <![CDATA["Post Negative Feature"]]>
              </value>
            </param>
          </params>
          <reporter-output>
          </reporter-output>
        </test-method> <!-- runScenario -->
        <test-method signature="runScenario(io.cucumber.testng.PickleWrapper,io.cucumber.testng.FeatureWrapper)[pri:0, instance:cucumber.TestRunner@38425407]" started-at="2024-02-17T08:03:59 EST" name="runScenario" description="Runs Cucumber Scenarios" data-provider="scenarios" finished-at="2024-02-17T08:04:00 EST" duration-ms="285" status="PASS">
          <params>
            <param index="0">
              <value>
                <![CDATA["POST Negative Validation"]]>
              </value>
            </param>
            <param index="1">
              <value>
                <![CDATA["Post Negative Feature"]]>
              </value>
            </param>
          </params>
          <reporter-output>
          </reporter-output>
        </test-method> <!-- runScenario -->
        <test-method signature="runScenario(io.cucumber.testng.PickleWrapper,io.cucumber.testng.FeatureWrapper)[pri:0, instance:cucumber.TestRunner@38425407]" started-at="2024-02-17T08:04:00 EST" name="runScenario" description="Runs Cucumber Scenarios" data-provider="scenarios" finished-at="2024-02-17T08:04:00 EST" duration-ms="274" status="PASS">
          <params>
            <param index="0">
              <value>
                <![CDATA["POST Negative Validation"]]>
              </value>
            </param>
            <param index="1">
              <value>
                <![CDATA["Post Negative Feature"]]>
              </value>
            </param>
          </params>
          <reporter-output>
          </reporter-output>
        </test-method> <!-- runScenario -->
        <test-method signature="runScenario(io.cucumber.testng.PickleWrapper,io.cucumber.testng.FeatureWrapper)[pri:0, instance:cucumber.TestRunner@38425407]" started-at="2024-02-17T08:04:00 EST" name="runScenario" description="Runs Cucumber Scenarios" data-provider="scenarios" finished-at="2024-02-17T08:04:00 EST" duration-ms="299" status="PASS">
          <params>
            <param index="0">
              <value>
                <![CDATA["POST Negative Validation"]]>
              </value>
            </param>
            <param index="1">
              <value>
                <![CDATA["Post Negative Feature"]]>
              </value>
            </param>
          </params>
          <reporter-output>
          </reporter-output>
        </test-method> <!-- runScenario -->
        <test-method signature="runScenario(io.cucumber.testng.PickleWrapper,io.cucumber.testng.FeatureWrapper)[pri:0, instance:cucumber.TestRunner@38425407]" started-at="2024-02-17T08:04:00 EST" name="runScenario" description="Runs Cucumber Scenarios" data-provider="scenarios" finished-at="2024-02-17T08:04:00 EST" duration-ms="273" status="PASS">
          <params>
            <param index="0">
              <value>
                <![CDATA["POST Negative Validation"]]>
              </value>
            </param>
            <param index="1">
              <value>
                <![CDATA["Post Negative Feature"]]>
              </value>
            </param>
          </params>
          <reporter-output>
          </reporter-output>
        </test-method> <!-- runScenario -->
        <test-method signature="runScenario(io.cucumber.testng.PickleWrapper,io.cucumber.testng.FeatureWrapper)[pri:0, instance:cucumber.TestRunner@38425407]" started-at="2024-02-17T08:04:00 EST" name="runScenario" description="Runs Cucumber Scenarios" data-provider="scenarios" finished-at="2024-02-17T08:04:01 EST" duration-ms="294" status="PASS">
          <params>
            <param index="0">
              <value>
                <![CDATA["POST Negative Validation"]]>
              </value>
            </param>
            <param index="1">
              <value>
                <![CDATA["Post Negative Feature"]]>
              </value>
            </param>
          </params>
          <reporter-output>
          </reporter-output>
        </test-method> <!-- runScenario -->
        <test-method signature="runScenario(io.cucumber.testng.PickleWrapper,io.cucumber.testng.FeatureWrapper)[pri:0, instance:cucumber.TestRunner@38425407]" started-at="2024-02-17T08:04:01 EST" name="runScenario" description="Runs Cucumber Scenarios" data-provider="scenarios" finished-at="2024-02-17T08:04:01 EST" duration-ms="301" status="PASS">
          <params>
            <param index="0">
              <value>
                <![CDATA["POST Negative Validation"]]>
              </value>
            </param>
            <param index="1">
              <value>
                <![CDATA["Post Negative Feature"]]>
              </value>
            </param>
          </params>
          <reporter-output>
          </reporter-output>
        </test-method> <!-- runScenario -->
        <test-method signature="runScenario(io.cucumber.testng.PickleWrapper,io.cucumber.testng.FeatureWrapper)[pri:0, instance:cucumber.TestRunner@38425407]" started-at="2024-02-17T08:04:01 EST" name="runScenario" description="Runs Cucumber Scenarios" data-provider="scenarios" finished-at="2024-02-17T08:04:01 EST" duration-ms="262" status="PASS">
          <params>
            <param index="0">
              <value>
                <![CDATA["POST Negative Validation"]]>
              </value>
            </param>
            <param index="1">
              <value>
                <![CDATA["Post Negative Feature"]]>
              </value>
            </param>
          </params>
          <reporter-output>
          </reporter-output>
        </test-method> <!-- runScenario -->
        <test-method signature="runScenario(io.cucumber.testng.PickleWrapper,io.cucumber.testng.FeatureWrapper)[pri:0, instance:cucumber.TestRunner@38425407]" started-at="2024-02-17T08:04:01 EST" name="runScenario" description="Runs Cucumber Scenarios" data-provider="scenarios" finished-at="2024-02-17T08:04:02 EST" duration-ms="274" status="PASS">
          <params>
            <param index="0">
              <value>
                <![CDATA["POST Negative Validation"]]>
              </value>
            </param>
            <param index="1">
              <value>
                <![CDATA["Post Negative Feature"]]>
              </value>
            </param>
          </params>
          <reporter-output>
          </reporter-output>
        </test-method> <!-- runScenario -->
        <test-method signature="runScenario(io.cucumber.testng.PickleWrapper,io.cucumber.testng.FeatureWrapper)[pri:0, instance:cucumber.TestRunner@38425407]" started-at="2024-02-17T08:04:02 EST" name="runScenario" description="Runs Cucumber Scenarios" data-provider="scenarios" finished-at="2024-02-17T08:04:02 EST" duration-ms="272" status="PASS">
          <params>
            <param index="0">
              <value>
                <![CDATA["POST Negative Validation"]]>
              </value>
            </param>
            <param index="1">
              <value>
                <![CDATA["Post Negative Feature"]]>
              </value>
            </param>
          </params>
          <reporter-output>
          </reporter-output>
        </test-method> <!-- runScenario -->
        <test-method signature="runScenario(io.cucumber.testng.PickleWrapper,io.cucumber.testng.FeatureWrapper)[pri:0, instance:cucumber.TestRunner@38425407]" started-at="2024-02-17T08:04:02 EST" name="runScenario" description="Runs Cucumber Scenarios" data-provider="scenarios" finished-at="2024-02-17T08:04:02 EST" duration-ms="267" status="PASS">
          <params>
            <param index="0">
              <value>
                <![CDATA["POST Negative Validation"]]>
              </value>
            </param>
            <param index="1">
              <value>
                <![CDATA["Post Negative Feature"]]>
              </value>
            </param>
          </params>
          <reporter-output>
          </reporter-output>
        </test-method> <!-- runScenario -->
        <test-method signature="runScenario(io.cucumber.testng.PickleWrapper,io.cucumber.testng.FeatureWrapper)[pri:0, instance:cucumber.TestRunner@38425407]" started-at="2024-02-17T08:04:02 EST" name="runScenario" description="Runs Cucumber Scenarios" data-provider="scenarios" finished-at="2024-02-17T08:04:02 EST" duration-ms="263" status="PASS">
          <params>
            <param index="0">
              <value>
                <![CDATA["POST Negative Validation"]]>
              </value>
            </param>
            <param index="1">
              <value>
                <![CDATA["Post Negative Feature"]]>
              </value>
            </param>
          </params>
          <reporter-output>
          </reporter-output>
        </test-method> <!-- runScenario -->
        <test-method signature="runScenario(io.cucumber.testng.PickleWrapper,io.cucumber.testng.FeatureWrapper)[pri:0, instance:cucumber.TestRunner@38425407]" started-at="2024-02-17T08:04:02 EST" name="runScenario" description="Runs Cucumber Scenarios" data-provider="scenarios" finished-at="2024-02-17T08:04:03 EST" duration-ms="281" status="PASS">
          <params>
            <param index="0">
              <value>
                <![CDATA["POST Negative Validation"]]>
              </value>
            </param>
            <param index="1">
              <value>
                <![CDATA["Post Negative Feature"]]>
              </value>
            </param>
          </params>
          <reporter-output>
          </reporter-output>
        </test-method> <!-- runScenario -->
        <test-method signature="runScenario(io.cucumber.testng.PickleWrapper,io.cucumber.testng.FeatureWrapper)[pri:0, instance:cucumber.TestRunner@38425407]" started-at="2024-02-17T08:04:03 EST" name="runScenario" description="Runs Cucumber Scenarios" data-provider="scenarios" finished-at="2024-02-17T08:04:03 EST" duration-ms="307" status="PASS">
          <params>
            <param index="0">
              <value>
                <![CDATA["POST Negative Validation"]]>
              </value>
            </param>
            <param index="1">
              <value>
                <![CDATA["Post Negative Feature"]]>
              </value>
            </param>
          </params>
          <reporter-output>
          </reporter-output>
        </test-method> <!-- runScenario -->
        <test-method signature="runScenario(io.cucumber.testng.PickleWrapper,io.cucumber.testng.FeatureWrapper)[pri:0, instance:cucumber.TestRunner@38425407]" started-at="2024-02-17T08:04:03 EST" name="runScenario" description="Runs Cucumber Scenarios" data-provider="scenarios" finished-at="2024-02-17T08:04:03 EST" duration-ms="270" status="PASS">
          <params>
            <param index="0">
              <value>
                <![CDATA["POST Negative Validation"]]>
              </value>
            </param>
            <param index="1">
              <value>
                <![CDATA["Post Negative Feature"]]>
              </value>
            </param>
          </params>
          <reporter-output>
          </reporter-output>
        </test-method> <!-- runScenario -->
        <test-method signature="runScenario(io.cucumber.testng.PickleWrapper,io.cucumber.testng.FeatureWrapper)[pri:0, instance:cucumber.TestRunner@38425407]" started-at="2024-02-17T08:04:03 EST" name="runScenario" description="Runs Cucumber Scenarios" data-provider="scenarios" finished-at="2024-02-17T08:04:04 EST" duration-ms="247" status="PASS">
          <params>
            <param index="0">
              <value>
                <![CDATA["POST Negative Validation"]]>
              </value>
            </param>
            <param index="1">
              <value>
                <![CDATA["Post Negative Feature"]]>
              </value>
            </param>
          </params>
          <reporter-output>
          </reporter-output>
        </test-method> <!-- runScenario -->
        <test-method signature="runScenario(io.cucumber.testng.PickleWrapper,io.cucumber.testng.FeatureWrapper)[pri:0, instance:cucumber.TestRunner@38425407]" started-at="2024-02-17T08:04:04 EST" name="runScenario" description="Runs Cucumber Scenarios" data-provider="scenarios" finished-at="2024-02-17T08:04:04 EST" duration-ms="295" status="PASS">
          <params>
            <param index="0">
              <value>
                <![CDATA["POST Negative Validation"]]>
              </value>
            </param>
            <param index="1">
              <value>
                <![CDATA["Post Negative Feature"]]>
              </value>
            </param>
          </params>
          <reporter-output>
          </reporter-output>
        </test-method> <!-- runScenario -->
        <test-method signature="runScenario(io.cucumber.testng.PickleWrapper,io.cucumber.testng.FeatureWrapper)[pri:0, instance:cucumber.TestRunner@38425407]" started-at="2024-02-17T08:04:04 EST" name="runScenario" description="Runs Cucumber Scenarios" data-provider="scenarios" finished-at="2024-02-17T08:04:04 EST" duration-ms="251" status="PASS">
          <params>
            <param index="0">
              <value>
                <![CDATA["POST Negative Validation"]]>
              </value>
            </param>
            <param index="1">
              <value>
                <![CDATA["Post Negative Feature"]]>
              </value>
            </param>
          </params>
          <reporter-output>
          </reporter-output>
        </test-method> <!-- runScenario -->
        <test-method signature="runScenario(io.cucumber.testng.PickleWrapper,io.cucumber.testng.FeatureWrapper)[pri:0, instance:cucumber.TestRunner@38425407]" started-at="2024-02-17T08:04:04 EST" name="runScenario" description="Runs Cucumber Scenarios" data-provider="scenarios" finished-at="2024-02-17T08:04:04 EST" duration-ms="246" status="PASS">
          <params>
            <param index="0">
              <value>
                <![CDATA["POST Negative Validation"]]>
              </value>
            </param>
            <param index="1">
              <value>
                <![CDATA["Post Negative Feature"]]>
              </value>
            </param>
          </params>
          <reporter-output>
          </reporter-output>
        </test-method> <!-- runScenario -->
        <test-method signature="runScenario(io.cucumber.testng.PickleWrapper,io.cucumber.testng.FeatureWrapper)[pri:0, instance:cucumber.TestRunner@38425407]" started-at="2024-02-17T08:04:04 EST" name="runScenario" description="Runs Cucumber Scenarios" data-provider="scenarios" finished-at="2024-02-17T08:04:05 EST" duration-ms="759" status="PASS">
          <params>
            <param index="0">
              <value>
                <![CDATA["POST Negative Validation"]]>
              </value>
            </param>
            <param index="1">
              <value>
                <![CDATA["Post Negative Feature"]]>
              </value>
            </param>
          </params>
          <reporter-output>
          </reporter-output>
        </test-method> <!-- runScenario -->
        <test-method signature="runScenario(io.cucumber.testng.PickleWrapper,io.cucumber.testng.FeatureWrapper)[pri:0, instance:cucumber.TestRunner@38425407]" started-at="2024-02-17T08:04:05 EST" name="runScenario" description="Runs Cucumber Scenarios" data-provider="scenarios" finished-at="2024-02-17T08:04:05 EST" duration-ms="282" status="PASS">
          <params>
            <param index="0">
              <value>
                <![CDATA["POST Negative Validation"]]>
              </value>
            </param>
            <param index="1">
              <value>
                <![CDATA["Post Negative Feature"]]>
              </value>
            </param>
          </params>
          <reporter-output>
          </reporter-output>
        </test-method> <!-- runScenario -->
        <test-method signature="runScenario(io.cucumber.testng.PickleWrapper,io.cucumber.testng.FeatureWrapper)[pri:0, instance:cucumber.TestRunner@38425407]" started-at="2024-02-17T08:04:05 EST" name="runScenario" description="Runs Cucumber Scenarios" data-provider="scenarios" finished-at="2024-02-17T08:04:06 EST" duration-ms="805" status="PASS">
          <params>
            <param index="0">
              <value>
                <![CDATA["PUT Negative Validation"]]>
              </value>
            </param>
            <param index="1">
              <value>
                <![CDATA["PUT NEgative feature"]]>
              </value>
            </param>
          </params>
          <reporter-output>
          </reporter-output>
        </test-method> <!-- runScenario -->
        <test-method signature="runScenario(io.cucumber.testng.PickleWrapper,io.cucumber.testng.FeatureWrapper)[pri:0, instance:cucumber.TestRunner@38425407]" started-at="2024-02-17T08:04:06 EST" name="runScenario" description="Runs Cucumber Scenarios" data-provider="scenarios" finished-at="2024-02-17T08:04:07 EST" duration-ms="721" status="PASS">
          <params>
            <param index="0">
              <value>
                <![CDATA["PUT Negative Validation"]]>
              </value>
            </param>
            <param index="1">
              <value>
                <![CDATA["PUT NEgative feature"]]>
              </value>
            </param>
          </params>
          <reporter-output>
          </reporter-output>
        </test-method> <!-- runScenario -->
        <test-method signature="runScenario(io.cucumber.testng.PickleWrapper,io.cucumber.testng.FeatureWrapper)[pri:0, instance:cucumber.TestRunner@38425407]" started-at="2024-02-17T08:04:07 EST" name="runScenario" description="Runs Cucumber Scenarios" data-provider="scenarios" finished-at="2024-02-17T08:04:08 EST" duration-ms="750" status="PASS">
          <params>
            <param index="0">
              <value>
                <![CDATA["PUT Negative Validation"]]>
              </value>
            </param>
            <param index="1">
              <value>
                <![CDATA["PUT NEgative feature"]]>
              </value>
            </param>
          </params>
          <reporter-output>
          </reporter-output>
        </test-method> <!-- runScenario -->
        <test-method signature="runScenario(io.cucumber.testng.PickleWrapper,io.cucumber.testng.FeatureWrapper)[pri:0, instance:cucumber.TestRunner@38425407]" started-at="2024-02-17T08:04:08 EST" name="runScenario" description="Runs Cucumber Scenarios" data-provider="scenarios" finished-at="2024-02-17T08:04:08 EST" duration-ms="719" status="PASS">
          <params>
            <param index="0">
              <value>
                <![CDATA["PUT Negative Validation"]]>
              </value>
            </param>
            <param index="1">
              <value>
                <![CDATA["PUT NEgative feature"]]>
              </value>
            </param>
          </params>
          <reporter-output>
          </reporter-output>
        </test-method> <!-- runScenario -->
        <test-method signature="runScenario(io.cucumber.testng.PickleWrapper,io.cucumber.testng.FeatureWrapper)[pri:0, instance:cucumber.TestRunner@38425407]" started-at="2024-02-17T08:04:08 EST" name="runScenario" description="Runs Cucumber Scenarios" data-provider="scenarios" finished-at="2024-02-17T08:04:09 EST" duration-ms="780" status="PASS">
          <params>
            <param index="0">
              <value>
                <![CDATA["PUT Negative Validation"]]>
              </value>
            </param>
            <param index="1">
              <value>
                <![CDATA["PUT NEgative feature"]]>
              </value>
            </param>
          </params>
          <reporter-output>
          </reporter-output>
        </test-method> <!-- runScenario -->
        <test-method signature="runScenario(io.cucumber.testng.PickleWrapper,io.cucumber.testng.FeatureWrapper)[pri:0, instance:cucumber.TestRunner@38425407]" started-at="2024-02-17T08:04:09 EST" name="runScenario" description="Runs Cucumber Scenarios" data-provider="scenarios" finished-at="2024-02-17T08:04:10 EST" duration-ms="729" status="PASS">
          <params>
            <param index="0">
              <value>
                <![CDATA["PUT Negative Validation"]]>
              </value>
            </param>
            <param index="1">
              <value>
                <![CDATA["PUT NEgative feature"]]>
              </value>
            </param>
          </params>
          <reporter-output>
          </reporter-output>
        </test-method> <!-- runScenario -->
        <test-method signature="runScenario(io.cucumber.testng.PickleWrapper,io.cucumber.testng.FeatureWrapper)[pri:0, instance:cucumber.TestRunner@38425407]" started-at="2024-02-17T08:04:10 EST" name="runScenario" description="Runs Cucumber Scenarios" data-provider="scenarios" finished-at="2024-02-17T08:04:11 EST" duration-ms="749" status="PASS">
          <params>
            <param index="0">
              <value>
                <![CDATA["PUT Negative Validation"]]>
              </value>
            </param>
            <param index="1">
              <value>
                <![CDATA["PUT NEgative feature"]]>
              </value>
            </param>
          </params>
          <reporter-output>
          </reporter-output>
        </test-method> <!-- runScenario -->
        <test-method signature="runScenario(io.cucumber.testng.PickleWrapper,io.cucumber.testng.FeatureWrapper)[pri:0, instance:cucumber.TestRunner@38425407]" started-at="2024-02-17T08:04:11 EST" name="runScenario" description="Runs Cucumber Scenarios" data-provider="scenarios" finished-at="2024-02-17T08:04:11 EST" duration-ms="782" status="PASS">
          <params>
            <param index="0">
              <value>
                <![CDATA["PUT Negative Validation"]]>
              </value>
            </param>
            <param index="1">
              <value>
                <![CDATA["PUT NEgative feature"]]>
              </value>
            </param>
          </params>
          <reporter-output>
          </reporter-output>
        </test-method> <!-- runScenario -->
        <test-method signature="runScenario(io.cucumber.testng.PickleWrapper,io.cucumber.testng.FeatureWrapper)[pri:0, instance:cucumber.TestRunner@38425407]" started-at="2024-02-17T08:04:11 EST" name="runScenario" description="Runs Cucumber Scenarios" data-provider="scenarios" finished-at="2024-02-17T08:04:12 EST" duration-ms="728" status="PASS">
          <params>
            <param index="0">
              <value>
                <![CDATA["PUT Negative Validation"]]>
              </value>
            </param>
            <param index="1">
              <value>
                <![CDATA["PUT NEgative feature"]]>
              </value>
            </param>
          </params>
          <reporter-output>
          </reporter-output>
        </test-method> <!-- runScenario -->
        <test-method signature="runScenario(io.cucumber.testng.PickleWrapper,io.cucumber.testng.FeatureWrapper)[pri:0, instance:cucumber.TestRunner@38425407]" started-at="2024-02-17T08:04:12 EST" name="runScenario" description="Runs Cucumber Scenarios" data-provider="scenarios" finished-at="2024-02-17T08:04:13 EST" duration-ms="723" status="PASS">
          <params>
            <param index="0">
              <value>
                <![CDATA["PUT Negative Validation"]]>
              </value>
            </param>
            <param index="1">
              <value>
                <![CDATA["PUT NEgative feature"]]>
              </value>
            </param>
          </params>
          <reporter-output>
          </reporter-output>
        </test-method> <!-- runScenario -->
        <test-method signature="runScenario(io.cucumber.testng.PickleWrapper,io.cucumber.testng.FeatureWrapper)[pri:0, instance:cucumber.TestRunner@38425407]" started-at="2024-02-17T08:04:13 EST" name="runScenario" description="Runs Cucumber Scenarios" data-provider="scenarios" finished-at="2024-02-17T08:04:14 EST" duration-ms="698" status="PASS">
          <params>
            <param index="0">
              <value>
                <![CDATA["PUT Negative Validation"]]>
              </value>
            </param>
            <param index="1">
              <value>
                <![CDATA["PUT NEgative feature"]]>
              </value>
            </param>
          </params>
          <reporter-output>
          </reporter-output>
        </test-method> <!-- runScenario -->
        <test-method signature="runScenario(io.cucumber.testng.PickleWrapper,io.cucumber.testng.FeatureWrapper)[pri:0, instance:cucumber.TestRunner@38425407]" started-at="2024-02-17T08:04:14 EST" name="runScenario" description="Runs Cucumber Scenarios" data-provider="scenarios" finished-at="2024-02-17T08:04:14 EST" duration-ms="710" status="PASS">
          <params>
            <param index="0">
              <value>
                <![CDATA["PUT Negative Validation"]]>
              </value>
            </param>
            <param index="1">
              <value>
                <![CDATA["PUT NEgative feature"]]>
              </value>
            </param>
          </params>
          <reporter-output>
          </reporter-output>
        </test-method> <!-- runScenario -->
        <test-method signature="runScenario(io.cucumber.testng.PickleWrapper,io.cucumber.testng.FeatureWrapper)[pri:0, instance:cucumber.TestRunner@38425407]" started-at="2024-02-17T08:04:14 EST" name="runScenario" description="Runs Cucumber Scenarios" data-provider="scenarios" finished-at="2024-02-17T08:04:15 EST" duration-ms="714" status="PASS">
          <params>
            <param index="0">
              <value>
                <![CDATA["PUT Negative Validation"]]>
              </value>
            </param>
            <param index="1">
              <value>
                <![CDATA["PUT NEgative feature"]]>
              </value>
            </param>
          </params>
          <reporter-output>
          </reporter-output>
        </test-method> <!-- runScenario -->
        <test-method signature="runScenario(io.cucumber.testng.PickleWrapper,io.cucumber.testng.FeatureWrapper)[pri:0, instance:cucumber.TestRunner@38425407]" started-at="2024-02-17T08:04:15 EST" name="runScenario" description="Runs Cucumber Scenarios" data-provider="scenarios" finished-at="2024-02-17T08:04:16 EST" duration-ms="703" status="PASS">
          <params>
            <param index="0">
              <value>
                <![CDATA["PUT Negative Validation"]]>
              </value>
            </param>
            <param index="1">
              <value>
                <![CDATA["PUT NEgative feature"]]>
              </value>
            </param>
          </params>
          <reporter-output>
          </reporter-output>
        </test-method> <!-- runScenario -->
        <test-method signature="runScenario(io.cucumber.testng.PickleWrapper,io.cucumber.testng.FeatureWrapper)[pri:0, instance:cucumber.TestRunner@38425407]" started-at="2024-02-17T08:04:16 EST" name="runScenario" description="Runs Cucumber Scenarios" data-provider="scenarios" finished-at="2024-02-17T08:04:16 EST" duration-ms="783" status="PASS">
          <params>
            <param index="0">
              <value>
                <![CDATA["PUT Negative Validation"]]>
              </value>
            </param>
            <param index="1">
              <value>
                <![CDATA["PUT NEgative feature"]]>
              </value>
            </param>
          </params>
          <reporter-output>
          </reporter-output>
        </test-method> <!-- runScenario -->
        <test-method signature="runScenario(io.cucumber.testng.PickleWrapper,io.cucumber.testng.FeatureWrapper)[pri:0, instance:cucumber.TestRunner@38425407]" started-at="2024-02-17T08:04:16 EST" name="runScenario" description="Runs Cucumber Scenarios" data-provider="scenarios" finished-at="2024-02-17T08:04:17 EST" duration-ms="730" status="PASS">
          <params>
            <param index="0">
              <value>
                <![CDATA["PUT Negative Validation"]]>
              </value>
            </param>
            <param index="1">
              <value>
                <![CDATA["PUT NEgative feature"]]>
              </value>
            </param>
          </params>
          <reporter-output>
          </reporter-output>
        </test-method> <!-- runScenario -->
        <test-method signature="runScenario(io.cucumber.testng.PickleWrapper,io.cucumber.testng.FeatureWrapper)[pri:0, instance:cucumber.TestRunner@38425407]" started-at="2024-02-17T08:04:17 EST" name="runScenario" description="Runs Cucumber Scenarios" data-provider="scenarios" finished-at="2024-02-17T08:04:18 EST" duration-ms="706" status="PASS">
          <params>
            <param index="0">
              <value>
                <![CDATA["PUT Negative Validation"]]>
              </value>
            </param>
            <param index="1">
              <value>
                <![CDATA["PUT NEgative feature"]]>
              </value>
            </param>
          </params>
          <reporter-output>
          </reporter-output>
        </test-method> <!-- runScenario -->
        <test-method signature="runScenario(io.cucumber.testng.PickleWrapper,io.cucumber.testng.FeatureWrapper)[pri:0, instance:cucumber.TestRunner@38425407]" started-at="2024-02-17T08:04:18 EST" name="runScenario" description="Runs Cucumber Scenarios" data-provider="scenarios" finished-at="2024-02-17T08:04:19 EST" duration-ms="724" status="PASS">
          <params>
            <param index="0">
              <value>
                <![CDATA["PUT Negative Validation"]]>
              </value>
            </param>
            <param index="1">
              <value>
                <![CDATA["PUT NEgative feature"]]>
              </value>
            </param>
          </params>
          <reporter-output>
          </reporter-output>
        </test-method> <!-- runScenario -->
        <test-method signature="runScenario(io.cucumber.testng.PickleWrapper,io.cucumber.testng.FeatureWrapper)[pri:0, instance:cucumber.TestRunner@38425407]" started-at="2024-02-17T08:04:19 EST" name="runScenario" description="Runs Cucumber Scenarios" data-provider="scenarios" finished-at="2024-02-17T08:04:19 EST" duration-ms="737" status="PASS">
          <params>
            <param index="0">
              <value>
                <![CDATA["PUT Negative Validation"]]>
              </value>
            </param>
            <param index="1">
              <value>
                <![CDATA["PUT NEgative feature"]]>
              </value>
            </param>
          </params>
          <reporter-output>
          </reporter-output>
        </test-method> <!-- runScenario -->
        <test-method signature="runScenario(io.cucumber.testng.PickleWrapper,io.cucumber.testng.FeatureWrapper)[pri:0, instance:cucumber.TestRunner@38425407]" started-at="2024-02-17T08:04:19 EST" name="runScenario" description="Runs Cucumber Scenarios" data-provider="scenarios" finished-at="2024-02-17T08:04:20 EST" duration-ms="682" status="PASS">
          <params>
            <param index="0">
              <value>
                <![CDATA["PUT Negative Validation"]]>
              </value>
            </param>
            <param index="1">
              <value>
                <![CDATA["PUT NEgative feature"]]>
              </value>
            </param>
          </params>
          <reporter-output>
          </reporter-output>
        </test-method> <!-- runScenario -->
        <test-method signature="runScenario(io.cucumber.testng.PickleWrapper,io.cucumber.testng.FeatureWrapper)[pri:0, instance:cucumber.TestRunner@38425407]" started-at="2024-02-17T08:04:20 EST" name="runScenario" description="Runs Cucumber Scenarios" data-provider="scenarios" finished-at="2024-02-17T08:04:21 EST" duration-ms="758" status="PASS">
          <params>
            <param index="0">
              <value>
                <![CDATA["PUT Negative Validation"]]>
              </value>
            </param>
            <param index="1">
              <value>
                <![CDATA["PUT NEgative feature"]]>
              </value>
            </param>
          </params>
          <reporter-output>
          </reporter-output>
        </test-method> <!-- runScenario -->
        <test-method signature="runScenario(io.cucumber.testng.PickleWrapper,io.cucumber.testng.FeatureWrapper)[pri:0, instance:cucumber.TestRunner@38425407]" started-at="2024-02-17T08:04:21 EST" name="runScenario" description="Runs Cucumber Scenarios" data-provider="scenarios" finished-at="2024-02-17T08:04:22 EST" duration-ms="711" status="PASS">
          <params>
            <param index="0">
              <value>
                <![CDATA["PUT Negative Validation"]]>
              </value>
            </param>
            <param index="1">
              <value>
                <![CDATA["PUT NEgative feature"]]>
              </value>
            </param>
          </params>
          <reporter-output>
          </reporter-output>
        </test-method> <!-- runScenario -->
        <test-method signature="runScenario(io.cucumber.testng.PickleWrapper,io.cucumber.testng.FeatureWrapper)[pri:0, instance:cucumber.TestRunner@38425407]" started-at="2024-02-17T08:04:22 EST" name="runScenario" description="Runs Cucumber Scenarios" data-provider="scenarios" finished-at="2024-02-17T08:04:22 EST" duration-ms="693" status="PASS">
          <params>
            <param index="0">
              <value>
                <![CDATA["PUT Negative Validation"]]>
              </value>
            </param>
            <param index="1">
              <value>
                <![CDATA["PUT NEgative feature"]]>
              </value>
            </param>
          </params>
          <reporter-output>
          </reporter-output>
        </test-method> <!-- runScenario -->
        <test-method signature="runScenario(io.cucumber.testng.PickleWrapper,io.cucumber.testng.FeatureWrapper)[pri:0, instance:cucumber.TestRunner@38425407]" started-at="2024-02-17T08:04:22 EST" name="runScenario" description="Runs Cucumber Scenarios" data-provider="scenarios" finished-at="2024-02-17T08:04:23 EST" duration-ms="729" status="PASS">
          <params>
            <param index="0">
              <value>
                <![CDATA["PUT Negative Validation"]]>
              </value>
            </param>
            <param index="1">
              <value>
                <![CDATA["PUT NEgative feature"]]>
              </value>
            </param>
          </params>
          <reporter-output>
          </reporter-output>
        </test-method> <!-- runScenario -->
        <test-method signature="runScenario(io.cucumber.testng.PickleWrapper,io.cucumber.testng.FeatureWrapper)[pri:0, instance:cucumber.TestRunner@38425407]" started-at="2024-02-17T08:04:23 EST" name="runScenario" description="Runs Cucumber Scenarios" data-provider="scenarios" finished-at="2024-02-17T08:04:24 EST" duration-ms="723" status="PASS">
          <params>
            <param index="0">
              <value>
                <![CDATA["PUT Negative Validation"]]>
              </value>
            </param>
            <param index="1">
              <value>
                <![CDATA["PUT NEgative feature"]]>
              </value>
            </param>
          </params>
          <reporter-output>
          </reporter-output>
        </test-method> <!-- runScenario -->
        <test-method signature="runScenario(io.cucumber.testng.PickleWrapper,io.cucumber.testng.FeatureWrapper)[pri:0, instance:cucumber.TestRunner@38425407]" started-at="2024-02-17T08:04:24 EST" name="runScenario" description="Runs Cucumber Scenarios" data-provider="scenarios" finished-at="2024-02-17T08:04:24 EST" duration-ms="764" status="PASS">
          <params>
            <param index="0">
              <value>
                <![CDATA["PUT Negative Validation"]]>
              </value>
            </param>
            <param index="1">
              <value>
                <![CDATA["PUT NEgative feature"]]>
              </value>
            </param>
          </params>
          <reporter-output>
          </reporter-output>
        </test-method> <!-- runScenario -->
        <test-method signature="runScenario(io.cucumber.testng.PickleWrapper,io.cucumber.testng.FeatureWrapper)[pri:0, instance:cucumber.TestRunner@38425407]" started-at="2024-02-17T08:04:24 EST" name="runScenario" description="Runs Cucumber Scenarios" data-provider="scenarios" finished-at="2024-02-17T08:04:27 EST" duration-ms="2672" status="PASS">
          <params>
            <param index="0">
              <value>
                <![CDATA["POST GET PUT DELETE API Validation"]]>
              </value>
            </param>
            <param index="1">
              <value>
                <![CDATA["Positive Scenario of our User API feature"]]>
              </value>
            </param>
          </params>
          <reporter-output>
          </reporter-output>
        </test-method> <!-- runScenario -->
        <test-method is-config="true" signature="tearDownClass()[pri:0, instance:cucumber.TestRunner@38425407]" started-at="2024-02-17T08:04:27 EST" name="tearDownClass" finished-at="2024-02-17T08:04:27 EST" duration-ms="40" status="PASS">
          <reporter-output>
          </reporter-output>
        </test-method> <!-- tearDownClass -->
      </class> <!-- cucumber.TestRunner -->
    </test> <!-- Default test -->
  </suite> <!-- Default suite -->
</testng-results>
